[debug] [2021-02-08T05:09:45.276Z] ----------------------------------------------------------------------
[debug] [2021-02-08T05:09:45.278Z] Command:       C:\Program Files\nodejs\node.exe C:\Users\guita\AppData\Roaming\npm\node_modules\firebase-tools\lib\bin\firebase.js deploy
[debug] [2021-02-08T05:09:45.279Z] CLI Version:   9.3.0
[debug] [2021-02-08T05:09:45.279Z] Platform:      win32
[debug] [2021-02-08T05:09:45.279Z] Node Version:  v14.15.3
[debug] [2021-02-08T05:09:45.280Z] Time:          Mon Feb 08 2021 16:09:45 GMT+1100 (Australian Eastern Daylight Time)
[debug] [2021-02-08T05:09:45.280Z] ----------------------------------------------------------------------
[debug] [2021-02-08T05:09:45.280Z] 
[debug] [2021-02-08T05:09:45.287Z] > command requires scopes: ["email","openid","https://www.googleapis.com/auth/cloudplatformprojects.readonly","https://www.googleapis.com/auth/firebase","https://www.googleapis.com/auth/cloud-platform"]
[debug] [2021-02-08T05:09:45.288Z] > authorizing via signed-in user
[debug] [2021-02-08T05:09:45.288Z] [iam] checking project resort-ws for permissions ["firebase.projects.get","firebasehosting.sites.update"]
[debug] [2021-02-08T05:09:45.291Z] >>> HTTP REQUEST POST https://cloudresourcemanager.googleapis.com/v1/projects/resort-ws:testIamPermissions  
 {"permissions":["firebase.projects.get","firebasehosting.sites.update"]}
[debug] [2021-02-08T05:09:45.703Z] <<< HTTP RESPONSE 200 {"content-type":"application/json; charset=UTF-8","vary":"X-Origin, Referer, Origin,Accept-Encoding","date":"Mon, 08 Feb 2021 05:09:44 GMT","server":"ESF","cache-control":"private","x-xss-protection":"0","x-frame-options":"SAMEORIGIN","x-content-type-options":"nosniff","server-timing":"gfet4t7; dur=204","alt-svc":"h3-29=\":443\"; ma=2592000,h3-T051=\":443\"; ma=2592000,h3-Q050=\":443\"; ma=2592000,h3-Q046=\":443\"; ma=2592000,h3-Q043=\":443\"; ma=2592000,quic=\":443\"; ma=2592000; v=\"46,43\"","accept-ranges":"none","transfer-encoding":"chunked"}
[debug] [2021-02-08T05:09:45.704Z] > refreshing access token with scopes: []
[debug] [2021-02-08T05:09:45.705Z] >>> HTTP REQUEST POST https://www.googleapis.com/oauth2/v3/token  
 <request body omitted>
[debug] [2021-02-08T05:09:45.982Z] <<< HTTP RESPONSE 200 {"date":"Mon, 08 Feb 2021 05:09:44 GMT","expires":"Mon, 01 Jan 1990 00:00:00 GMT","cache-control":"no-cache, no-store, max-age=0, must-revalidate","pragma":"no-cache","content-type":"application/json; charset=utf-8","vary":"X-Origin, Referer, Origin,Accept-Encoding","server":"scaffolding on HTTPServer2","x-xss-protection":"0","x-frame-options":"SAMEORIGIN","x-content-type-options":"nosniff","alt-svc":"h3-29=\":443\"; ma=2592000,h3-T051=\":443\"; ma=2592000,h3-Q050=\":443\"; ma=2592000,h3-Q046=\":443\"; ma=2592000,h3-Q043=\":443\"; ma=2592000,quic=\":443\"; ma=2592000; v=\"46,43\"","accept-ranges":"none","transfer-encoding":"chunked"}
[debug] [2021-02-08T05:09:45.990Z] >>> [apiv2][query] GET https://firebase.googleapis.com/v1beta1/projects/resort-ws [none]
[debug] [2021-02-08T05:09:46.417Z] <<< [apiv2][status] GET https://firebase.googleapis.com/v1beta1/projects/resort-ws 200
[debug] [2021-02-08T05:09:46.417Z] <<< [apiv2][body] GET https://firebase.googleapis.com/v1beta1/projects/resort-ws {"projectId":"resort-ws","projectNumber":"91552103848","displayName":"resort-ws","name":"projects/resort-ws","resources":{"hostingSite":"resort-ws"},"state":"ACTIVE"}
[info] 
[info] === Deploying to 'resort-ws'...
[info] 
[info] i  deploying hosting 
[debug] [2021-02-08T05:09:46.441Z] > refreshing access token with scopes: ["email","https://www.googleapis.com/auth/cloud-platform","https://www.googleapis.com/auth/cloudplatformprojects.readonly","https://www.googleapis.com/auth/firebase","openid"]
[debug] [2021-02-08T05:09:46.441Z] >>> HTTP REQUEST POST https://www.googleapis.com/oauth2/v3/token  
 <request body omitted>
[debug] [2021-02-08T05:09:46.721Z] <<< HTTP RESPONSE 200 {"date":"Mon, 08 Feb 2021 05:09:45 GMT","cache-control":"no-cache, no-store, max-age=0, must-revalidate","pragma":"no-cache","expires":"Mon, 01 Jan 1990 00:00:00 GMT","content-type":"application/json; charset=utf-8","vary":"X-Origin, Referer, Origin,Accept-Encoding","server":"scaffolding on HTTPServer2","x-xss-protection":"0","x-frame-options":"SAMEORIGIN","x-content-type-options":"nosniff","alt-svc":"h3-29=\":443\"; ma=2592000,h3-T051=\":443\"; ma=2592000,h3-Q050=\":443\"; ma=2592000,h3-Q046=\":443\"; ma=2592000,h3-Q043=\":443\"; ma=2592000,quic=\":443\"; ma=2592000; v=\"46,43\"","accept-ranges":"none","transfer-encoding":"chunked"}
[debug] [2021-02-08T05:09:46.729Z] >>> HTTP REQUEST POST https://firebasehosting.googleapis.com/v1beta1/sites/resort-ws/versions  
 {"config":{"rewrites":[{"glob":"**","path":"/index.html"}]},"labels":{"deployment-tool":"cli-firebase"}}
[debug] [2021-02-08T05:09:48.492Z] <<< HTTP RESPONSE 200 {"content-type":"application/json; charset=UTF-8","vary":"X-Origin, Referer, Origin,Accept-Encoding","date":"Mon, 08 Feb 2021 05:09:47 GMT","server":"ESF","cache-control":"private","x-xss-protection":"0","x-frame-options":"SAMEORIGIN","x-content-type-options":"nosniff","alt-svc":"h3-29=\":443\"; ma=2592000,h3-T051=\":443\"; ma=2592000,h3-Q050=\":443\"; ma=2592000,h3-Q046=\":443\"; ma=2592000,h3-Q043=\":443\"; ma=2592000,quic=\":443\"; ma=2592000; v=\"46,43\"","accept-ranges":"none","transfer-encoding":"chunked"}
[info] i  hosting[resort-ws]: beginning deploy... 
[info] i  hosting[resort-ws]: found 28 files in build 
[debug] [2021-02-08T05:09:48.823Z] > refreshing access token with scopes: []
[debug] [2021-02-08T05:09:48.824Z] >>> HTTP REQUEST POST https://www.googleapis.com/oauth2/v3/token  
 <request body omitted>
[debug] [2021-02-08T05:09:48.825Z] [hosting] hash cache [YnVpbGQ] stored for 28 files
[debug] [2021-02-08T05:09:48.825Z] [hosting][hash queue][FINAL] {"max":312,"min":3,"avg":60.607142857142854,"active":0,"complete":28,"success":28,"errored":0,"retried":0,"total":28,"elapsed":319}
[debug] [2021-02-08T05:09:49.102Z] <<< HTTP RESPONSE 200 {"pragma":"no-cache","expires":"Mon, 01 Jan 1990 00:00:00 GMT","cache-control":"no-cache, no-store, max-age=0, must-revalidate","date":"Mon, 08 Feb 2021 05:09:48 GMT","content-type":"application/json; charset=utf-8","vary":"X-Origin, Referer, Origin,Accept-Encoding","server":"scaffolding on HTTPServer2","x-xss-protection":"0","x-frame-options":"SAMEORIGIN","x-content-type-options":"nosniff","alt-svc":"h3-29=\":443\"; ma=2592000,h3-T051=\":443\"; ma=2592000,h3-Q050=\":443\"; ma=2592000,h3-Q046=\":443\"; ma=2592000,h3-Q043=\":443\"; ma=2592000,quic=\":443\"; ma=2592000; v=\"46,43\"","accept-ranges":"none","transfer-encoding":"chunked"}
[debug] [2021-02-08T05:09:49.109Z] >>> [apiv2][query] POST https://firebasehosting.googleapis.com/v1beta1/sites/resort-ws/versions/3587bef4f6f3a28a:populateFiles [none]
[debug] [2021-02-08T05:09:49.109Z] >>> [apiv2][body] POST https://firebasehosting.googleapis.com/v1beta1/sites/resort-ws/versions/3587bef4f6f3a28a:populateFiles {"files":{"/favicon.ico":"eae62e993eb980ec8a25058c39d5a51feab118bd2100c4deebb2a9c158ec11f9","/logo192.png":"3ee59515172ee198f3be375979df15ac5345183e656720a381b8872b2a39dc8b","/logo512.png":"ee7e2f3fdb8209c4b6fd7bef6ba50d1b9dba30a25bb5c3126df057e1cb6f5331","/manifest.json":"aff3449bdc238776f5d6d967f19ec491b36aed5fb7f23ccff6500736fd58494a","/robots.txt":"bfe106a3fb878dc83461c86818bf74fc1bdc7f28538ba613cd3e775516ce8b49","/asset-manifest.json":"a7c56f5dfee4d0f3b9dfdd53c04be2da7dbaa6423f80c1ade6ff1f2f7e9466c2","/index.html":"9ec6998faf106ef89a19528823b24ab35a28d0478d4cbedb628c591acd326dab","/static/css/main.5239af82.chunk.css":"b45c0eb49c8083244abd394788a8d6ce7059b035e2f65afbb287a3151adaaf8a","/static/css/main.5239af82.chunk.css.map":"27762dfb4bd1db1a5b658c89704e495b9d82888036d4433d81dafd6cfb68c64e","/static/js/2.72afd43c.chunk.js.LICENSE.txt":"a174f5c2c40c7227a75c8eeb0325ffac95dd0307b64acef86b636ba76b25db99","/static/js/3.87b7e35b.chunk.js":"35dc94410c5883fcd306197d46ec8787af4ec4c8b9acc0e62ad4715a76c9c55d","/static/js/3.87b7e35b.chunk.js.map":"9fde5111787a1f9e669e103c536b3ab55ab18b6ff4f6bdd6d31c7326f4786f2c","/static/js/main.dcf7c0b2.chunk.js":"5bb4471dcce553d729a101989f4aed02bb3a009ea7bcdd3224c1a6527e03356e","/static/js/runtime-main.81732955.js":"340a5e471421d7a27eadd71d36f6569fcd59081e8625a29ec452963965f54ad6","/static/js/main.dcf7c0b2.chunk.js.map":"e0f36c332c341d14c9115639539abf51690a92e517942239c4449a0827ac624a","/static/js/runtime-main.81732955.js.map":"45a2d09b078ebe79dfb7e6326dd6e76e009581bc5d63ed8487033722cef07e0f","/static/js/2.72afd43c.chunk.js":"9b26d8d4df2347eec477602c74cb274861c831c32317cac256498824ce10e2c0","/static/media/curry.734b6a11.jpeg":"d4f33225e4d48c9adfec1240d06e2983b6aeceee1ea2fa7178e4c0520ce16a39","/static/media/frontdesk.a6f1c152.jpg":"ce2dece686f974240c4160f9e94ecea423b156337912a43f92e97c56c1e2a513","/static/media/tacos.fc60ea51.jpeg":"ba94ba56ff7b75235a8a636996e2f8722932712537994701c6a4932a11be39c9","/static/media/currySite.e06a0e9f.jpeg":"e1dde42e4ba3b9845f63aa4531003c971f583ebd513eed1b0ff40bc718e522cf","/static/media/steakSite.b148135c.jpg":"853272a32c231557df74b279d3f050b75802e0db74ac2cf54d01b350df9ce4cb","/static/media/tacoSite.fa513e79.jpg":"541e06f96df4344e72c21e2c38d95d49b48904ad3c760b2a22aeb83d7ac2b21b","/static/media/sushi.dafa6f31.jpg":"49f6780fc883909020a9daf64c390007cdc2406bfabb8c29bf0af3f58b957d81","/static/js/2.72afd43c.chunk.js.map":"4c98d757a14a5e0bce0671e2b162cedd9b99916dfdb5ffb459eb85e252f8ecc4","/static/media/sushiSite.9245b50a.jpg":"73f19742b092a0682bd0511cc6db3767f738e28668895186d9a730b8022743da","/static/media/steak.d0017fa9.jpg":"03152c45961b7a713bafca5d581ad85de924c4df0519cfaeeaa084510168945f","/static/media/zresorts.918e87ef.jpg":"cec6333d558b480229a3641b6b35ec7e1b043c1e095e5f76340d8ed954e24d2e"}}
[debug] [2021-02-08T05:09:50.551Z] <<< [apiv2][status] POST https://firebasehosting.googleapis.com/v1beta1/sites/resort-ws/versions/3587bef4f6f3a28a:populateFiles 200
[debug] [2021-02-08T05:09:50.552Z] <<< [apiv2][body] POST https://firebasehosting.googleapis.com/v1beta1/sites/resort-ws/versions/3587bef4f6f3a28a:populateFiles {"uploadRequiredHashes":["b45c0eb49c8083244abd394788a8d6ce7059b035e2f65afbb287a3151adaaf8a","a7c56f5dfee4d0f3b9dfdd53c04be2da7dbaa6423f80c1ade6ff1f2f7e9466c2","27762dfb4bd1db1a5b658c89704e495b9d82888036d4433d81dafd6cfb68c64e","9ec6998faf106ef89a19528823b24ab35a28d0478d4cbedb628c591acd326dab"],"uploadUrl":"https://upload-firebasehosting.googleapis.com/upload/sites/resort-ws/versions/3587bef4f6f3a28a/files"}
[debug] [2021-02-08T05:09:50.553Z] >>> [apiv2][query] POST https://upload-firebasehosting.googleapis.com/upload/sites/resort-ws/versions/3587bef4f6f3a28a/files/b45c0eb49c8083244abd394788a8d6ce7059b035e2f65afbb287a3151adaaf8a [none]
[debug] [2021-02-08T05:09:50.553Z] >>> [apiv2][body] POST https://upload-firebasehosting.googleapis.com/upload/sites/resort-ws/versions/3587bef4f6f3a28a/files/b45c0eb49c8083244abd394788a8d6ce7059b035e2f65afbb287a3151adaaf8a [stream]
[debug] [2021-02-08T05:09:50.554Z] >>> [apiv2][query] POST https://upload-firebasehosting.googleapis.com/upload/sites/resort-ws/versions/3587bef4f6f3a28a/files/a7c56f5dfee4d0f3b9dfdd53c04be2da7dbaa6423f80c1ade6ff1f2f7e9466c2 [none]
[debug] [2021-02-08T05:09:50.554Z] >>> [apiv2][body] POST https://upload-firebasehosting.googleapis.com/upload/sites/resort-ws/versions/3587bef4f6f3a28a/files/a7c56f5dfee4d0f3b9dfdd53c04be2da7dbaa6423f80c1ade6ff1f2f7e9466c2 [stream]
[debug] [2021-02-08T05:09:50.555Z] >>> [apiv2][query] POST https://upload-firebasehosting.googleapis.com/upload/sites/resort-ws/versions/3587bef4f6f3a28a/files/27762dfb4bd1db1a5b658c89704e495b9d82888036d4433d81dafd6cfb68c64e [none]
[debug] [2021-02-08T05:09:50.555Z] >>> [apiv2][body] POST https://upload-firebasehosting.googleapis.com/upload/sites/resort-ws/versions/3587bef4f6f3a28a/files/27762dfb4bd1db1a5b658c89704e495b9d82888036d4433d81dafd6cfb68c64e [stream]
[debug] [2021-02-08T05:09:50.556Z] >>> [apiv2][query] POST https://upload-firebasehosting.googleapis.com/upload/sites/resort-ws/versions/3587bef4f6f3a28a/files/9ec6998faf106ef89a19528823b24ab35a28d0478d4cbedb628c591acd326dab [none]
[debug] [2021-02-08T05:09:50.556Z] >>> [apiv2][body] POST https://upload-firebasehosting.googleapis.com/upload/sites/resort-ws/versions/3587bef4f6f3a28a/files/9ec6998faf106ef89a19528823b24ab35a28d0478d4cbedb628c591acd326dab [stream]
[debug] [2021-02-08T05:09:50.557Z] [hosting][populate queue][FINAL] {"max":1730,"min":1730,"avg":1730,"active":0,"complete":1,"success":1,"errored":0,"retried":0,"total":1,"elapsed":1734}
[debug] [2021-02-08T05:09:50.557Z] [hosting] uploads queued: 4
